c:\major project\potato_tileeditor-main\potato_tileeditor\debug\potato_tileeditor.pch
c:\major project\potato_tileeditor-main\potato_tileeditor\debug\stdafx.obj
c:\major project\potato_tileeditor-main\potato_tileeditor\debug\mainmenustate.obj
c:\major project\potato_tileeditor-main\potato_tileeditor\debug\main.obj
c:\major project\potato_tileeditor-main\potato_tileeditor\debug\item.obj
c:\major project\potato_tileeditor-main\potato_tileeditor\debug\inventory.obj
c:\major project\potato_tileeditor-main\potato_tileeditor\debug\hitboxcomponent.obj
c:\major project\potato_tileeditor-main\potato_tileeditor\debug\gamestate.obj
c:\major project\potato_tileeditor-main\potato_tileeditor\debug\game.obj
c:\major project\potato_tileeditor-main\potato_tileeditor\debug\entity.obj
c:\major project\potato_tileeditor-main\potato_tileeditor\debug\editorstate.obj
c:\major project\potato_tileeditor-main\potato_tileeditor\debug\gui.obj
c:\major project\potato_tileeditor-main\potato_tileeditor\debug\graphicssettings.obj
c:\major project\potato_tileeditor-main\potato_tileeditor\debug\enemysystem.obj
c:\major project\potato_tileeditor-main\potato_tileeditor\debug\enemyspawnertile.obj
c:\major project\potato_tileeditor-main\potato_tileeditor\debug\enemyeditormode.obj
c:\major project\potato_tileeditor-main\potato_tileeditor\debug\enemy.obj
c:\major project\potato_tileeditor-main\potato_tileeditor\debug\editormode.obj
c:\major project\potato_tileeditor-main\potato_tileeditor\debug\defaulteditormode.obj
c:\major project\potato_tileeditor-main\potato_tileeditor\debug\attributecomponent.obj
c:\major project\potato_tileeditor-main\potato_tileeditor\debug\animationcomponent.obj
c:\major project\potato_tileeditor-main\potato_tileeditor\debug\weapon.obj
c:\major project\potato_tileeditor-main\potato_tileeditor\debug\tilemap.obj
c:\major project\potato_tileeditor-main\potato_tileeditor\debug\tile.obj
c:\major project\potato_tileeditor-main\potato_tileeditor\debug\sword.obj
c:\major project\potato_tileeditor-main\potato_tileeditor\debug\state.obj
c:\major project\potato_tileeditor-main\potato_tileeditor\debug\skillcomponent.obj
c:\major project\potato_tileeditor-main\potato_tileeditor\debug\settingsstate.obj
c:\major project\potato_tileeditor-main\potato_tileeditor\debug\regulartile.obj
c:\major project\potato_tileeditor-main\potato_tileeditor\debug\rat.obj
c:\major project\potato_tileeditor-main\potato_tileeditor\debug\rangedweapon.obj
c:\major project\potato_tileeditor-main\potato_tileeditor\debug\playergui.obj
c:\major project\potato_tileeditor-main\potato_tileeditor\debug\pausemenu.obj
c:\major project\potato_tileeditor-main\potato_tileeditor\debug\movementcomponent.obj
c:\major project\potato_tileeditor-main\potato_tileeditor\debug\meleeweapon.obj
c:\major project\potato_tileeditor-main\potato_tileeditor\debug\potato_t.f0c36be8.tlog\cl.command.1.tlog
c:\major project\potato_tileeditor-main\potato_tileeditor\debug\potato_t.f0c36be8.tlog\cl.read.1.tlog
c:\major project\potato_tileeditor-main\potato_tileeditor\debug\potato_t.f0c36be8.tlog\cl.write.1.tlog
