  DefaultEditorMode.cpp
c:\major project\potato_tileeditor-main\potato_tileeditor\defaulteditormode.h(19): error C2653: 'gui': is not a class or namespace name
c:\major project\potato_tileeditor-main\potato_tileeditor\defaulteditormode.h(19): error C2143: syntax error: missing ';' before '*'
c:\major project\potato_tileeditor-main\potato_tileeditor\defaulteditormode.h(19): error C4430: missing type specifier - int assumed. Note: C++ does not support default-int
c:\major project\potato_tileeditor-main\potato_tileeditor\defaulteditormode.h(19): error C2238: unexpected token(s) preceding ';'
  EditorState.cpp
c:\major project\potato_tileeditor-main\potato_tileeditor\editorstate.cpp(8): error C2039: 'textureRect': is not a member of 'EditorState'
  c:\major project\potato_tileeditor-main\potato_tileeditor\editorstate.h(21): note: see declaration of 'EditorState'
c:\major project\potato_tileeditor-main\potato_tileeditor\editorstate.cpp(9): error C2039: 'collision': is not a member of 'EditorState'
  c:\major project\potato_tileeditor-main\potato_tileeditor\editorstate.h(21): note: see declaration of 'EditorState'
c:\major project\potato_tileeditor-main\potato_tileeditor\editorstate.cpp(10): error C2039: 'type': is not a member of 'EditorState'
  c:\major project\potato_tileeditor-main\potato_tileeditor\editorstate.h(21): note: see declaration of 'EditorState'
c:\major project\potato_tileeditor-main\potato_tileeditor\editorstate.cpp(11): error C2039: 'cameraSpeed': is not a member of 'EditorState'
  c:\major project\potato_tileeditor-main\potato_tileeditor\editorstate.h(21): note: see declaration of 'EditorState'
c:\major project\potato_tileeditor-main\potato_tileeditor\editorstate.cpp(12): error C2039: 'layer': is not a member of 'EditorState'
  c:\major project\potato_tileeditor-main\potato_tileeditor\editorstate.h(21): note: see declaration of 'EditorState'
c:\major project\potato_tileeditor-main\potato_tileeditor\editorstate.cpp(13): error C2039: 'tileAddLock': is not a member of 'EditorState'
  c:\major project\potato_tileeditor-main\potato_tileeditor\editorstate.h(21): note: see declaration of 'EditorState'
c:\major project\potato_tileeditor-main\potato_tileeditor\editorstate.cpp(44): error C2039: 'cursorText': is not a member of 'EditorState'
  c:\major project\potato_tileeditor-main\potato_tileeditor\editorstate.h(21): note: see declaration of 'EditorState'
c:\major project\potato_tileeditor-main\potato_tileeditor\editorstate.cpp(45): error C2039: 'cursorText': is not a member of 'EditorState'
  c:\major project\potato_tileeditor-main\potato_tileeditor\editorstate.h(21): note: see declaration of 'EditorState'
c:\major project\potato_tileeditor-main\potato_tileeditor\editorstate.cpp(46): error C2039: 'cursorText': is not a member of 'EditorState'
  c:\major project\potato_tileeditor-main\potato_tileeditor\editorstate.h(21): note: see declaration of 'EditorState'
c:\major project\potato_tileeditor-main\potato_tileeditor\editorstate.cpp(84): error C2039: 'sidebar': is not a member of 'EditorState'
  c:\major project\potato_tileeditor-main\potato_tileeditor\editorstate.h(21): note: see declaration of 'EditorState'
c:\major project\potato_tileeditor-main\potato_tileeditor\editorstate.cpp(85): error C2039: 'sidebar': is not a member of 'EditorState'
  c:\major project\potato_tileeditor-main\potato_tileeditor\editorstate.h(21): note: see declaration of 'EditorState'
c:\major project\potato_tileeditor-main\potato_tileeditor\editorstate.cpp(86): error C2039: 'sidebar': is not a member of 'EditorState'
  c:\major project\potato_tileeditor-main\potato_tileeditor\editorstate.h(21): note: see declaration of 'EditorState'
c:\major project\potato_tileeditor-main\potato_tileeditor\editorstate.cpp(87): error C2039: 'sidebar': is not a member of 'EditorState'
  c:\major project\potato_tileeditor-main\potato_tileeditor\editorstate.h(21): note: see declaration of 'EditorState'
c:\major project\potato_tileeditor-main\potato_tileeditor\editorstate.cpp(90): error C2039: 'selectorRect': is not a member of 'EditorState'
  c:\major project\potato_tileeditor-main\potato_tileeditor\editorstate.h(21): note: see declaration of 'EditorState'
c:\major project\potato_tileeditor-main\potato_tileeditor\editorstate.cpp(92): error C2039: 'selectorRect': is not a member of 'EditorState'
  c:\major project\potato_tileeditor-main\potato_tileeditor\editorstate.h(21): note: see declaration of 'EditorState'
c:\major project\potato_tileeditor-main\potato_tileeditor\editorstate.cpp(93): error C2039: 'selectorRect': is not a member of 'EditorState'
  c:\major project\potato_tileeditor-main\potato_tileeditor\editorstate.h(21): note: see declaration of 'EditorState'
c:\major project\potato_tileeditor-main\potato_tileeditor\editorstate.cpp(94): error C2039: 'selectorRect': is not a member of 'EditorState'
  c:\major project\potato_tileeditor-main\potato_tileeditor\editorstate.h(21): note: see declaration of 'EditorState'
c:\major project\potato_tileeditor-main\potato_tileeditor\editorstate.cpp(96): error C2039: 'selectorRect': is not a member of 'EditorState'
  c:\major project\potato_tileeditor-main\potato_tileeditor\editorstate.h(21): note: see declaration of 'EditorState'
c:\major project\potato_tileeditor-main\potato_tileeditor\editorstate.cpp(97): error C2039: 'selectorRect': is not a member of 'EditorState'
  c:\major project\potato_tileeditor-main\potato_tileeditor\editorstate.h(21): note: see declaration of 'EditorState'
c:\major project\potato_tileeditor-main\potato_tileeditor\editorstate.cpp(97): error C2039: 'textureRect': is not a member of 'EditorState'
  c:\major project\potato_tileeditor-main\potato_tileeditor\editorstate.h(21): note: see declaration of 'EditorState'
c:\major project\potato_tileeditor-main\potato_tileeditor\editorstate.cpp(99): error C2039: 'textureSelector': is not a member of 'EditorState'
  c:\major project\potato_tileeditor-main\potato_tileeditor\editorstate.h(21): note: see declaration of 'EditorState'
c:\major project\potato_tileeditor-main\potato_tileeditor\editorstate.cpp(163): error C2039: 'textureSelector': is not a member of 'EditorState'
  c:\major project\potato_tileeditor-main\potato_tileeditor\editorstate.h(21): note: see declaration of 'EditorState'
c:\major project\potato_tileeditor-main\potato_tileeditor\editorstate.cpp(189): error C2039: 'cameraSpeed': is not a member of 'EditorState'
  c:\major project\potato_tileeditor-main\potato_tileeditor\editorstate.h(21): note: see declaration of 'EditorState'
c:\major project\potato_tileeditor-main\potato_tileeditor\editorstate.cpp(189): error C2664: 'void sf::View::move(const sf::Vector2f &)': cannot convert argument 1 from 'float' to 'const sf::Vector2f &'
  c:\major project\potato_tileeditor-main\potato_tileeditor\editorstate.cpp(189): note: Reason: cannot convert from 'float' to 'const sf::Vector2f'
  c:\major project\potato_tileeditor-main\potato_tileeditor\editorstate.cpp(189): note: No constructor could take the source type, or constructor overload resolution was ambiguous
c:\major project\potato_tileeditor-main\potato_tileeditor\editorstate.cpp(193): error C2039: 'cameraSpeed': is not a member of 'EditorState'
  c:\major project\potato_tileeditor-main\potato_tileeditor\editorstate.h(21): note: see declaration of 'EditorState'
c:\major project\potato_tileeditor-main\potato_tileeditor\editorstate.cpp(193): error C2664: 'void sf::View::move(const sf::Vector2f &)': cannot convert argument 1 from 'float' to 'const sf::Vector2f &'
  c:\major project\potato_tileeditor-main\potato_tileeditor\editorstate.cpp(193): note: Reason: cannot convert from 'float' to 'const sf::Vector2f'
  c:\major project\potato_tileeditor-main\potato_tileeditor\editorstate.cpp(193): note: No constructor could take the source type, or constructor overload resolution was ambiguous
c:\major project\potato_tileeditor-main\potato_tileeditor\editorstate.cpp(197): error C2039: 'cameraSpeed': is not a member of 'EditorState'
  c:\major project\potato_tileeditor-main\potato_tileeditor\editorstate.h(21): note: see declaration of 'EditorState'
c:\major project\potato_tileeditor-main\potato_tileeditor\editorstate.cpp(201): error C2039: 'cameraSpeed': is not a member of 'EditorState'
  c:\major project\potato_tileeditor-main\potato_tileeditor\editorstate.h(21): note: see declaration of 'EditorState'
c:\major project\potato_tileeditor-main\potato_tileeditor\editorstate.cpp(204): error C2039: 'sidebar': is not a member of 'EditorState'
  c:\major project\potato_tileeditor-main\potato_tileeditor\editorstate.h(21): note: see declaration of 'EditorState'
c:\major project\potato_tileeditor-main\potato_tileeditor\editorstate.cpp(208): error C2039: 'textureSelector': is not a member of 'EditorState'
  c:\major project\potato_tileeditor-main\potato_tileeditor\editorstate.h(21): note: see declaration of 'EditorState'
c:\major project\potato_tileeditor-main\potato_tileeditor\editorstate.cpp(210): error C2039: 'tileAddLock': is not a member of 'EditorState'
  c:\major project\potato_tileeditor-main\potato_tileeditor\editorstate.h(21): note: see declaration of 'EditorState'
c:\major project\potato_tileeditor-main\potato_tileeditor\editorstate.cpp(213): error C2039: 'textureRect': is not a member of 'EditorState'
  c:\major project\potato_tileeditor-main\potato_tileeditor\editorstate.h(21): note: see declaration of 'EditorState'
c:\major project\potato_tileeditor-main\potato_tileeditor\editorstate.cpp(213): error C2039: 'collision': is not a member of 'EditorState'
  c:\major project\potato_tileeditor-main\potato_tileeditor\editorstate.h(21): note: see declaration of 'EditorState'
c:\major project\potato_tileeditor-main\potato_tileeditor\editorstate.cpp(213): error C2039: 'type': is not a member of 'EditorState'
  c:\major project\potato_tileeditor-main\potato_tileeditor\editorstate.h(21): note: see declaration of 'EditorState'
c:\major project\potato_tileeditor-main\potato_tileeditor\editorstate.cpp(213): error C2660: 'TileMap::addTile': function does not take 3 arguments
  c:\major project\potato_tileeditor-main\potato_tileeditor\tilemap.h(50): note: see declaration of 'TileMap::addTile'
c:\major project\potato_tileeditor-main\potato_tileeditor\editorstate.cpp(217): error C2039: 'textureRect': is not a member of 'EditorState'
  c:\major project\potato_tileeditor-main\potato_tileeditor\editorstate.h(21): note: see declaration of 'EditorState'
c:\major project\potato_tileeditor-main\potato_tileeditor\editorstate.cpp(217): error C2039: 'collision': is not a member of 'EditorState'
  c:\major project\potato_tileeditor-main\potato_tileeditor\editorstate.h(21): note: see declaration of 'EditorState'
c:\major project\potato_tileeditor-main\potato_tileeditor\editorstate.cpp(217): error C2039: 'type': is not a member of 'EditorState'
  c:\major project\potato_tileeditor-main\potato_tileeditor\editorstate.h(21): note: see declaration of 'EditorState'
c:\major project\potato_tileeditor-main\potato_tileeditor\editorstate.cpp(217): error C2660: 'TileMap::addTile': function does not take 3 arguments
  c:\major project\potato_tileeditor-main\potato_tileeditor\tilemap.h(50): note: see declaration of 'TileMap::addTile'
c:\major project\potato_tileeditor-main\potato_tileeditor\editorstate.cpp(223): error C2039: 'textureRect': is not a member of 'EditorState'
  c:\major project\potato_tileeditor-main\potato_tileeditor\editorstate.h(21): note: see declaration of 'EditorState'
c:\major project\potato_tileeditor-main\potato_tileeditor\editorstate.cpp(223): error C2039: 'textureSelector': is not a member of 'EditorState'
  c:\major project\potato_tileeditor-main\potato_tileeditor\editorstate.h(21): note: see declaration of 'EditorState'
c:\major project\potato_tileeditor-main\potato_tileeditor\editorstate.cpp(230): error C2039: 'sidebar': is not a member of 'EditorState'
  c:\major project\potato_tileeditor-main\potato_tileeditor\editorstate.h(21): note: see declaration of 'EditorState'
c:\major project\potato_tileeditor-main\potato_tileeditor\editorstate.cpp(231): error C2039: 'textureSelector': is not a member of 'EditorState'
  c:\major project\potato_tileeditor-main\potato_tileeditor\editorstate.h(21): note: see declaration of 'EditorState'
c:\major project\potato_tileeditor-main\potato_tileeditor\editorstate.cpp(239): error C2039: 'collision': is not a member of 'EditorState'
  c:\major project\potato_tileeditor-main\potato_tileeditor\editorstate.h(21): note: see declaration of 'EditorState'
c:\major project\potato_tileeditor-main\potato_tileeditor\editorstate.cpp(240): error C2039: 'collision': is not a member of 'EditorState'
  c:\major project\potato_tileeditor-main\potato_tileeditor\editorstate.h(21): note: see declaration of 'EditorState'
c:\major project\potato_tileeditor-main\potato_tileeditor\editorstate.cpp(242): error C2039: 'collision': is not a member of 'EditorState'
  c:\major project\potato_tileeditor-main\potato_tileeditor\editorstate.h(21): note: see declaration of 'EditorState'
c:\major project\potato_tileeditor-main\potato_tileeditor\editorstate.cpp(247): error C2039: 'type': is not a member of 'EditorState'
  c:\major project\potato_tileeditor-main\potato_tileeditor\editorstate.h(21): note: see declaration of 'EditorState'
c:\major project\potato_tileeditor-main\potato_tileeditor\editorstate.cpp(251): error C2039: 'type': is not a member of 'EditorState'
  c:\major project\potato_tileeditor-main\potato_tileeditor\editorstate.h(21): note: see declaration of 'EditorState'
c:\major project\potato_tileeditor-main\potato_tileeditor\editorstate.cpp(252): error C2039: 'type': is not a member of 'EditorState'
  c:\major project\potato_tileeditor-main\potato_tileeditor\editorstate.h(21): note: see declaration of 'EditorState'
c:\major project\potato_tileeditor-main\potato_tileeditor\editorstate.cpp(258): error C2039: 'tileAddLock': is not a member of 'EditorState'
  c:\major project\potato_tileeditor-main\potato_tileeditor\editorstate.h(21): note: see declaration of 'EditorState'
c:\major project\potato_tileeditor-main\potato_tileeditor\editorstate.cpp(259): error C2039: 'tileAddLock': is not a member of 'EditorState'
  c:\major project\potato_tileeditor-main\potato_tileeditor\editorstate.h(21): note: see declaration of 'EditorState'
c:\major project\potato_tileeditor-main\potato_tileeditor\editorstate.cpp(261): error C2039: 'tileAddLock': is not a member of 'EditorState'
  c:\major project\potato_tileeditor-main\potato_tileeditor\editorstate.h(21): note: see declaration of 'EditorState'
c:\major project\potato_tileeditor-main\potato_tileeditor\editorstate.cpp(276): error C2039: 'textureSelector': is not a member of 'EditorState'
  c:\major project\potato_tileeditor-main\potato_tileeditor\editorstate.h(21): note: see declaration of 'EditorState'
c:\major project\potato_tileeditor-main\potato_tileeditor\editorstate.cpp(278): error C2039: 'textureSelector': is not a member of 'EditorState'
  c:\major project\potato_tileeditor-main\potato_tileeditor\editorstate.h(21): note: see declaration of 'EditorState'
c:\major project\potato_tileeditor-main\potato_tileeditor\editorstate.cpp(280): error C2039: 'selectorRect': is not a member of 'EditorState'
  c:\major project\potato_tileeditor-main\potato_tileeditor\editorstate.h(21): note: see declaration of 'EditorState'
c:\major project\potato_tileeditor-main\potato_tileeditor\editorstate.cpp(280): error C2039: 'textureRect': is not a member of 'EditorState'
  c:\major project\potato_tileeditor-main\potato_tileeditor\editorstate.h(21): note: see declaration of 'EditorState'
c:\major project\potato_tileeditor-main\potato_tileeditor\editorstate.cpp(281): error C2039: 'selectorRect': is not a member of 'EditorState'
  c:\major project\potato_tileeditor-main\potato_tileeditor\editorstate.h(21): note: see declaration of 'EditorState'
c:\major project\potato_tileeditor-main\potato_tileeditor\editorstate.cpp(285): error C2039: 'cursorText': is not a member of 'EditorState'
  c:\major project\potato_tileeditor-main\potato_tileeditor\editorstate.h(21): note: see declaration of 'EditorState'
c:\major project\potato_tileeditor-main\potato_tileeditor\editorstate.cpp(289): error C2039: 'textureRect': is not a member of 'EditorState'
  c:\major project\potato_tileeditor-main\potato_tileeditor\editorstate.h(21): note: see declaration of 'EditorState'
c:\major project\potato_tileeditor-main\potato_tileeditor\editorstate.cpp(290): error C2039: 'collision': is not a member of 'EditorState'
  c:\major project\potato_tileeditor-main\potato_tileeditor\editorstate.h(21): note: see declaration of 'EditorState'
c:\major project\potato_tileeditor-main\potato_tileeditor\editorstate.cpp(291): error C2039: 'type': is not a member of 'EditorState'
  c:\major project\potato_tileeditor-main\potato_tileeditor\editorstate.h(21): note: see declaration of 'EditorState'
c:\major project\potato_tileeditor-main\potato_tileeditor\editorstate.cpp(292): error C2039: 'layer': is not a member of 'EditorState'
  c:\major project\potato_tileeditor-main\potato_tileeditor\editorstate.h(21): note: see declaration of 'EditorState'
c:\major project\potato_tileeditor-main\potato_tileeditor\editorstate.cpp(292): error C2660: 'TileMap::getLayerSize': function does not take 2 arguments
  c:\major project\potato_tileeditor-main\potato_tileeditor\tilemap.h(42): note: see declaration of 'TileMap::getLayerSize'
c:\major project\potato_tileeditor-main\potato_tileeditor\editorstate.cpp(293): error C2039: 'tileAddLock': is not a member of 'EditorState'
  c:\major project\potato_tileeditor-main\potato_tileeditor\editorstate.h(21): note: see declaration of 'EditorState'
c:\major project\potato_tileeditor-main\potato_tileeditor\editorstate.cpp(295): error C2039: 'cursorText': is not a member of 'EditorState'
  c:\major project\potato_tileeditor-main\potato_tileeditor\editorstate.h(21): note: see declaration of 'EditorState'
c:\major project\potato_tileeditor-main\potato_tileeditor\editorstate.cpp(345): error C2039: 'textureSelector': is not a member of 'EditorState'
  c:\major project\potato_tileeditor-main\potato_tileeditor\editorstate.h(21): note: see declaration of 'EditorState'
c:\major project\potato_tileeditor-main\potato_tileeditor\editorstate.cpp(348): error C2039: 'selectorRect': is not a member of 'EditorState'
  c:\major project\potato_tileeditor-main\potato_tileeditor\editorstate.h(21): note: see declaration of 'EditorState'
c:\major project\potato_tileeditor-main\potato_tileeditor\editorstate.cpp(352): error C2039: 'textureSelector': is not a member of 'EditorState'
  c:\major project\potato_tileeditor-main\potato_tileeditor\editorstate.h(21): note: see declaration of 'EditorState'
c:\major project\potato_tileeditor-main\potato_tileeditor\editorstate.cpp(353): error C2039: 'sidebar': is not a member of 'EditorState'
  c:\major project\potato_tileeditor-main\potato_tileeditor\editorstate.h(21): note: see declaration of 'EditorState'
c:\major project\potato_tileeditor-main\potato_tileeditor\editorstate.cpp(356): error C2039: 'cursorText': is not a member of 'EditorState'
  c:\major project\potato_tileeditor-main\potato_tileeditor\editorstate.h(21): note: see declaration of 'EditorState'
  Game.cpp
  MainMenuState.cpp
  main.cpp
  Generating Code...

Project Performance Summary:
     1527 ms  C:\MAJOR PROJECT\Potato_TileEditor-main\Potato_TileEditor\Potato_TileEditor.vcxproj   1 calls
               1527 ms  Build                                      1 calls

Target Performance Summary:
        0 ms  AfterResolveReferences                     1 calls
        0 ms  ExpandSDKReferences                        1 calls
        0 ms  ResolveAssemblyReferences                  1 calls
        0 ms  BuildCompileTraverse                       1 calls
        0 ms  ResolveReferences                          1 calls
        0 ms  SelectClCompile                            1 calls
        0 ms  BuildGenerateSourcesTraverse               1 calls
        0 ms  BeforeBuildGenerateSources                 1 calls
        0 ms  ResolveSDKReferences                       1 calls
        0 ms  PreBuildEvent                              1 calls
        0 ms  BuildGenerateSources                       1 calls
        0 ms  _Xsd                                       1 calls
        0 ms  MakeDirsForMidl                            1 calls
        0 ms  ComputeMIDLGeneratedCompileInputs          1 calls
        0 ms  AfterMidl                                  1 calls
        0 ms  _Midl                                      1 calls
        0 ms  AfterBuildGenerateSources                  1 calls
        0 ms  _SelectedFiles                             1 calls
        0 ms  AfterBuildGenerateSourcesEvent             1 calls
        0 ms  SelectCustomBuild                          1 calls
        0 ms  SetCABuildNativeEnvironmentVariables       1 calls
        0 ms  SetTelemetryEnvironmentVariables           1 calls
        0 ms  _PrepareForBuild                           1 calls
        0 ms  _PrepareForReferenceResolution             1 calls
        0 ms  BeforeResolveReferences                    1 calls
        0 ms  AssignProjectConfiguration                 1 calls
        0 ms  _SplitProjectReferencesByFileExistence     1 calls
        0 ms  _AddOutputPathToGlobalPropertiesToRemove   1 calls
        0 ms  CheckVCToolsetVersion                      1 calls
        0 ms  _GetProjectReferenceTargetFrameworkProperties   1 calls
        0 ms  PreventUnnesessaryCppRuntimeCopyToOutDir   1 calls
        0 ms  GetFrameworkPaths                          1 calls
        0 ms  GetReferenceAssemblyPaths                  1 calls
        0 ms  ComputeCLInputPDBName                      1 calls
        0 ms  GetResolvedWinMD                           1 calls
        0 ms  PlatformPrepareForBuild                    1 calls
        0 ms  BeforeClCompile                            1 calls
        0 ms  PrepareProjectReferences                   1 calls
        0 ms  _BuildGenerateSourcesAction                1 calls
        1 ms  FixupCLCompileOptions                      1 calls
        1 ms  ComputeReferenceCLInput                    1 calls
        1 ms  SetBuildDefaultEnvironmentVariables        1 calls
        1 ms  CopyFileToFolders                          1 calls
        1 ms  ResolveProjectReferences                   1 calls
        1 ms  _CheckWindowsSDKInstalled                  1 calls
        1 ms  MakeDirsForCl                              1 calls
        2 ms  _CheckForInvalidConfigurationAndPlatform   1 calls
        3 ms  InitializeBuildStatus                      1 calls
        5 ms  PrepareForBuild                            1 calls
        7 ms  WarnCompileDuplicatedFilename              1 calls
     1496 ms  ClCompile                                  1 calls

Task Performance Summary:
        0 ms  Message                                    2 calls
        0 ms  AssignProjectConfiguration                 1 calls
        0 ms  MSBuild                                    1 calls
        0 ms  CheckVCToolsetVersion                      1 calls
        0 ms  MakeDir                                    4 calls
        1 ms  ReadLinesFromFile                          1 calls
        1 ms  SetEnv                                     8 calls
        1 ms  GetOutOfDateItems                          1 calls
        1 ms  WriteLinesToFile                           1 calls
        1 ms  Touch                                      1 calls
     1491 ms  CL                                         2 calls
